<?xml version="1.0" encoding="UTF-8"?>
<!-- Generated by org.testng.reporters.JUnitReportReporter -->
<testsuite hostname="LAPTOP-V6I0AJ85" failures="0" tests="1" name="Test.LoginTest" time="6.141" errors="0" timestamp="2024-05-16T17:43:24 IST" skipped="0">
  <testcase classname="Test.LoginTest" name="loginTest" time="6.141"/>
</testsuite> <!-- Test.LoginTest -->
